<?xml version="1.0" encoding="UTF-8"?>
<testng-results skipped="0" failed="0" total="1" passed="1">
  <reporter-output>
  </reporter-output>
  <suite name="Default suite" duration-ms="56918" started-at="2019-09-04T07:48:17Z" finished-at="2019-09-04T07:49:14Z">
    <groups>
    </groups>
    <test name="Default test" duration-ms="56918" started-at="2019-09-04T07:48:17Z" finished-at="2019-09-04T07:49:14Z">
      <class name="gitTest.GitTest">
        <test-method status="PASS" signature="loginTest()[pri:0, instance:gitTest.GitTest@1f37ef1]" name="loginTest" duration-ms="56769" started-at="2019-09-04T13:18:17Z" finished-at="2019-09-04T13:19:14Z">
          <reporter-output>
          </reporter-output>
        </test-method> <!-- loginTest -->
      </class> <!-- gitTest.GitTest -->
    </test> <!-- Default test -->
  </suite> <!-- Default suite -->
</testng-results>
